#
# There is insufficient memory for the Java Runtime Environment to continue.
# Native memory allocation (malloc) failed to allocate 1048576 bytes for AllocateHeap
# Possible reasons:
#   The system is out of physical RAM or swap space
#   The process is running with CompressedOops enabled, and the Java Heap may be blocking the growth of the native heap
# Possible solutions:
#   Reduce memory load on the system
#   Increase physical memory or swap space
#   Check if swap backing store is full
#   Decrease Java heap size (-Xmx/-Xms)
#   Decrease number of Java threads
#   Decrease Java thread stack sizes (-Xss)
#   Set larger code cache with -XX:ReservedCodeCacheSize=
#   JVM is running with Zero Based Compressed Oops mode in which the Java heap is
#     placed in the first 32GB address space. The Java Heap base address is the
#     maximum limit for the native heap growth. Please use -XX:HeapBaseMinAddress
#     to set the Java Heap base and to place the Java Heap above 32GB virtual address.
# This output file may be truncated or incomplete.
#
#  Out of Memory Error (./open/src/hotspot/share/memory/allocation.cpp:44), pid=18520, tid=18472
#
# JRE version:  (15.0.1+9) (build )
# Java VM: OpenJDK 64-Bit Server VM (15.0.1+9-18, mixed mode, sharing, tiered, compressed oops, g1 gc, windows-amd64)
# No core dump will be written. Minidumps are not enabled by default on client versions of Windows
#

---------------  S U M M A R Y ------------

Command Line: -Dfile.encoding=Cp1254 -XX:+ShowCodeDetailsInExceptionMessages pencere.pencere

Host: AMD Ryzen 5 1400 Quad-Core Processor           , 8 cores, 15G,  Windows 10 , 64 bit Build 19041 (10.0.19041.804)
Time: Fri Feb 12 17:52:06 2021 Türkiye Standart Saati elapsed time: 0.014800 seconds (0d 0h 0m 0s)

---------------  T H R E A D  ---------------

Current thread (0x000002a0f8d80dc0):  JavaThread "Unknown thread" [_thread_in_vm, id=18472, stack(0x000000fcd0800000,0x000000fcd0900000)]

Stack: [0x000000fcd0800000,0x000000fcd0900000]
Native frames: (J=compiled Java code, j=interpreted, Vv=VM code, C=native code)
V  [jvm.dll+0x62ae9a]
V  [jvm.dll+0x781389]
V  [jvm.dll+0x782ae3]
V  [jvm.dll+0x783143]
V  [jvm.dll+0x216265]
V  [jvm.dll+0x8eb72]
V  [jvm.dll+0x2b0b95]
V  [jvm.dll+0x2a82ee]
V  [jvm.dll+0x75e101]
V  [jvm.dll+0x3343e4]
V  [jvm.dll+0x73e826]
V  [jvm.dll+0x3b7777]
V  [jvm.dll+0x3b9201]
C  [jli.dll+0x52fb]
C  [ucrtbase.dll+0x21bb2]
C  [KERNEL32.DLL+0x17034]
C  [ntdll.dll+0x4d241]


---------------  P R O C E S S  ---------------

Threads class SMR info:
_java_thread_list=0x00007ffa9f5c4ff0, length=0, elements={
}

Java Threads: ( => current thread )

Other Threads:
  0x000002a0f8dd27a0 GCTaskThread "GC Thread#0" [stack: 0x000000fcd0900000,0x000000fcd0a00000] [id=9172]

[error occurred during error reporting (printing all threads), id 0xc0000005, EXCEPTION_ACCESS_VIOLATION (0xc0000005) at pc=0x00007ffa9edb55c0]

VM state: not at safepoint (not fully initialized)

VM Mutex/Monitor currently owned by a thread:  ([mutex/lock_event])
[0x000002a0f8d7b980] Heap_lock - owner thread: 0x000002a0f8d80dc0

Heap address: 0x0000000700e00000, size: 4082 MB, Compressed Oops mode: Zero based, Oop shift amount: 3
CDS archive(s) mapped at: [0x0000000000000000-0x0000000000000000-0x0000000000000000), size 0, SharedBaseAddress: 0x0000000800000000, ArchiveRelocationMode: 0.
Narrow klass base: 0x0000000000000000, Narrow klass shift: 0, Narrow klass range: 0x0

Heap:
 garbage-first heap   total 0K, used 0K [0x0000000700e00000, 0x0000000800000000)
  region size 2048K, 0 young (0K), 0 survivors (0K)
 Metaspace       used 0K, capacity 0K, committed 0K, reserved 0K
  class space    used 0K, capacity 0K, committed 0K, reserved 0K

Heap Regions: E=young(eden), S=young(survivor), O=old, HS=humongous(starts), HC=humongous(continues), CS=collection set, F=free, OA=open archive, CA=closed archive, TAMS=top-at-mark-start (previous, next)

Card table byte_map: [0x000002a0fd2e0000,0x000002a0fdae0000] _byte_map_base: 0x000002a0f9ad9000

GC Heap History (0 events):
No events

Deoptimization events (0 events):
No events

Classes unloaded (0 events):
No events

Classes redefined (0 events):
No events

Internal exceptions (0 events):
No events

Events (1 events):
Event: 0.009 Loaded shared library C:\Users\bh4n\.p2\pool\plugins\org.eclipse.justj.openjdk.hotspot.jre.full.win32.x86_64_15.0.1.v20201027-0507\jre\bin\java.dll


Dynamic libraries:
0x00007ff6630c0000 - 0x00007ff6630cd000 	C:\Users\bh4n\.p2\pool\plugins\org.eclipse.justj.openjdk.hotspot.jre.full.win32.x86_64_15.0.1.v20201027-0507\jre\bin\javaw.exe
0x00007ffb03610000 - 0x00007ffb03806000 	C:\Windows\SYSTEM32\ntdll.dll
0x00007ffb01f60000 - 0x00007ffb0201d000 	C:\Windows\System32\KERNEL32.DLL
0x00007ffb012f0000 - 0x00007ffb015b9000 	C:\Windows\System32\KERNELBASE.dll
0x00007ffb00f10000 - 0x00007ffb01010000 	C:\Windows\System32\ucrtbase.dll
0x00007ffaf9e60000 - 0x00007ffaf9e78000 	C:\Users\bh4n\.p2\pool\plugins\org.eclipse.justj.openjdk.hotspot.jre.full.win32.x86_64_15.0.1.v20201027-0507\jre\bin\jli.dll
0x00007ffaf4b60000 - 0x00007ffaf4b79000 	C:\Users\bh4n\.p2\pool\plugins\org.eclipse.justj.openjdk.hotspot.jre.full.win32.x86_64_15.0.1.v20201027-0507\jre\bin\VCRUNTIME140.dll
0x00007ffb02920000 - 0x00007ffb02ac0000 	C:\Windows\System32\USER32.dll
0x00007ffb01640000 - 0x00007ffb01662000 	C:\Windows\System32\win32u.dll
0x00007ffaf75e0000 - 0x00007ffaf787b000 	C:\Windows\WinSxS\amd64_microsoft.windows.common-controls_6595b64144ccf1df_6.0.19041.746_none_ca02b4b61b8320a4\COMCTL32.dll
0x00007ffb035a0000 - 0x00007ffb035ca000 	C:\Windows\System32\GDI32.dll
0x00007ffb01b40000 - 0x00007ffb01bde000 	C:\Windows\System32\msvcrt.dll
0x00007ffb011b0000 - 0x00007ffb012bb000 	C:\Windows\System32\gdi32full.dll
0x00007ffb01060000 - 0x00007ffb010fd000 	C:\Windows\System32\msvcp_win.dll
0x00007ffb02590000 - 0x00007ffb025c0000 	C:\Windows\System32\IMM32.DLL
0x00007ffafc170000 - 0x00007ffafc17c000 	C:\Users\bh4n\.p2\pool\plugins\org.eclipse.justj.openjdk.hotspot.jre.full.win32.x86_64_15.0.1.v20201027-0507\jre\bin\vcruntime140_1.dll
0x00007ffad5a10000 - 0x00007ffad5aa1000 	C:\Users\bh4n\.p2\pool\plugins\org.eclipse.justj.openjdk.hotspot.jre.full.win32.x86_64_15.0.1.v20201027-0507\jre\bin\msvcp140.dll
0x00007ffa9eb00000 - 0x00007ffa9f65e000 	C:\Users\bh4n\.p2\pool\plugins\org.eclipse.justj.openjdk.hotspot.jre.full.win32.x86_64_15.0.1.v20201027-0507\jre\bin\server\jvm.dll
0x00007ffb01e10000 - 0x00007ffb01ebc000 	C:\Windows\System32\ADVAPI32.dll
0x00007ffb01ec0000 - 0x00007ffb01f5c000 	C:\Windows\System32\sechost.dll
0x00007ffb016d0000 - 0x00007ffb017fb000 	C:\Windows\System32\RPCRT4.dll
0x00007ffb024a0000 - 0x00007ffb024a8000 	C:\Windows\System32\PSAPI.DLL
0x00007ffae7aa0000 - 0x00007ffae7ac7000 	C:\Windows\SYSTEM32\WINMM.dll
0x00007ffaf9da0000 - 0x00007ffaf9da9000 	C:\Windows\SYSTEM32\WSOCK32.dll
0x00007ffb02ac0000 - 0x00007ffb02b2b000 	C:\Windows\System32\WS2_32.dll
0x00007ffafb080000 - 0x00007ffafb08a000 	C:\Windows\SYSTEM32\VERSION.dll
0x00007ffafecc0000 - 0x00007ffafecd2000 	C:\Windows\SYSTEM32\kernel.appcore.dll
0x00007ffaf9d80000 - 0x00007ffaf9d8a000 	C:\Users\bh4n\.p2\pool\plugins\org.eclipse.justj.openjdk.hotspot.jre.full.win32.x86_64_15.0.1.v20201027-0507\jre\bin\jimage.dll
0x00007ffafa840000 - 0x00007ffafaa24000 	C:\Windows\SYSTEM32\DBGHELP.DLL
0x00007ffafa690000 - 0x00007ffafa6bc000 	C:\Windows\SYSTEM32\dbgcore.DLL
0x00007ffb015c0000 - 0x00007ffb01640000 	C:\Windows\System32\bcryptPrimitives.dll
0x00007ffaf25e0000 - 0x00007ffaf2605000 	C:\Users\bh4n\.p2\pool\plugins\org.eclipse.justj.openjdk.hotspot.jre.full.win32.x86_64_15.0.1.v20201027-0507\jre\bin\java.dll

dbghelp: loaded successfully - version: 4.0.5 - missing functions: none
symbol engine: initialized successfully - sym options: 0x614 - pdb path: .;C:\Users\bh4n\.p2\pool\plugins\org.eclipse.justj.openjdk.hotspot.jre.full.win32.x86_64_15.0.1.v20201027-0507\jre\bin;C:\Windows\SYSTEM32;C:\Windows\WinSxS\amd64_microsoft.windows.common-controls_6595b64144ccf1df_6.0.19041.746_none_ca02b4b61b8320a4;C:\Users\bh4n\.p2\pool\plugins\org.eclipse.justj.openjdk.hotspot.jre.full.win32.x86_64_15.0.1.v20201027-0507\jre\bin\server

VM Arguments:
jvm_args: -Dfile.encoding=Cp1254 -XX:+ShowCodeDetailsInExceptionMessages 
java_command: pencere.pencere
java_class_path (initial): C:\Users\bh4n\eclipse-workspace\pencere\bin
Launcher Type: SUN_STANDARD

[Global flags]
     intx CICompilerCount                          = 4                                         {product} {ergonomic}
     uint ConcGCThreads                            = 2                                         {product} {ergonomic}
     uint G1ConcRefinementThreads                  = 8                                         {product} {ergonomic}
   size_t G1HeapRegionSize                         = 2097152                                   {product} {ergonomic}
    uintx GCDrainStackTargetSize                   = 64                                        {product} {ergonomic}
   size_t InitialHeapSize                          = 268435456                                 {product} {ergonomic}
   size_t MarkStackSize                            = 4194304                                   {product} {ergonomic}
   size_t MaxHeapSize                              = 4280287232                                {product} {ergonomic}
   size_t MinHeapDeltaBytes                        = 2097152                                   {product} {ergonomic}
   size_t MinHeapSize                              = 8388608                                   {product} {ergonomic}
    uintx NonNMethodCodeHeapSize                   = 5839372                                {pd product} {ergonomic}
    uintx NonProfiledCodeHeapSize                  = 122909434                              {pd product} {ergonomic}
    uintx ProfiledCodeHeapSize                     = 122909434                              {pd product} {ergonomic}
    uintx ReservedCodeCacheSize                    = 251658240                              {pd product} {ergonomic}
     bool SegmentedCodeCache                       = true                                      {product} {ergonomic}
     bool ShowCodeDetailsInExceptionMessages       = true                                   {manageable} {command line}
   size_t SoftMaxHeapSize                          = 4280287232                             {manageable} {ergonomic}
     bool UseCompressedClassPointers               = true                                 {lp64_product} {ergonomic}
     bool UseCompressedOops                        = true                                 {lp64_product} {ergonomic}
     bool UseG1GC                                  = true                                      {product} {ergonomic}
     bool UseLargePagesIndividualAllocation        = false                                  {pd product} {ergonomic}

Logging:
Log output configuration:
 #0: stdout all=warning uptime,level,tags
 #1: stderr all=off uptime,level,tags

Environment Variables:
JAVA_HOME=C:\Users\bh4n\AppData\Local\Programs\AdoptOpenJDK\jdk-11.0.10.9-hotspot\
PATH=C:/Users/bh4n/.p2/pool/plugins/org.eclipse.justj.openjdk.hotspot.jre.full.win32.x86_64_15.0.1.v20201027-0507/jre/bin/server;C:/Users/bh4n/.p2/pool/plugins/org.eclipse.justj.openjdk.hotspot.jre.full.win32.x86_64_15.0.1.v20201027-0507/jre/bin;C:\Program Files (x86)\Common Files\Oracle\Java\javapath;C:\Windows\system32;C:\Windows;C:\Windows\System32\Wbem;C:\Windows\System32\WindowsPowerShell\v1.0\;C:\Windows\System32\OpenSSH\;C:\Program Files\NVIDIA Corporation\NVIDIA NvDLISR;C:\Program Files (x86)\NVIDIA Corporation\PhysX\Common;C:\Program Files\Microsoft SQL Server\130\Tools\Binn\;C:\Program Files\Microsoft SQL Server\Client SDK\ODBC\170\Tools\Binn\;C:\Program Files\Git\cmd;C:\Program Files\dotnet\;C:\Users\bh4n\AppData\Local\Programs\AdoptOpenJDK\jdk-11.0.10.9-hotspot\bin;C:\Users\bh4n\AppData\Local\Microsoft\WindowsApps;C:\Users\bh4n\.dotnet\tools;C:\Users\bh4n\AppData\Local\GitHubDesktop\bin;C:\Users\bh4n\AppData\Local\Programs\Microsoft VS Code\bin;C:\Users\bh4n\AppData\Local\atom\bin;C:\Users\bh4n\.dotnet\tools;C:\Users\bh4n\eclipse\java-2020-12\eclipse;
USERNAME=bh4n
OS=Windows_NT
PROCESSOR_IDENTIFIER=AMD64 Family 23 Model 1 Stepping 1, AuthenticAMD



---------------  S Y S T E M  ---------------

OS:
 Windows 10 , 64 bit Build 19041 (10.0.19041.804)
OS uptime: 0 days 22:19 hours

CPU: total 8 (initial active 8) (8 cores per cpu, 2 threads per core) family 23 model 1 stepping 1 microcode 0x0, cmov, cx8, fxsr, mmx, sse, sse2, sse3, ssse3, sse4.1, sse4.2, popcnt, vzeroupper, avx, avx2, aes, clmul, 3dnowpref, lzcnt, sse4a, ht, tsc, tscinvbit, tscinv, bmi1, bmi2, adx, sha, fma, clflush, clflushopt

Memory: 4k page, system-wide physical 16321M (8893M free)
TotalPageFile size 30565M (AvailPageFile size 5M)
current process WorkingSet (physical memory assigned to process): 10M, peak: 10M
current process commit charge ("private bytes"): 53M, peak: 54M

vm_info: OpenJDK 64-Bit Server VM (15.0.1+9-18) for windows-amd64 JRE (15.0.1+9-18), built on Sep 15 2020 14:39:31 by "mach5one" with unknown MS VC++:1925

END.
